#! /c/iverilog/bin/vvp
:ivl_version "0.9.7 " "(v0_9_7)";
:vpi_time_precision + 0;
:vpi_module "system";
:vpi_module "v2005_math";
:vpi_module "va_math";
S_011D6828 .scope module, "SignExtend" "SignExtend" 2 1;
 .timescale 0 0;
v011D68B0_0 .var "Extend32", 31 0;
v011D2C88_0 .net "inst15_0", 15 0, C4<zzzzzzzzzzzzzzzz>; 0 drivers
E_01091850 .event edge, v011D2C88_0;
    .scope S_011D6828;
T_0 ;
    %wait E_01091850;
    %load/v 8, v011D2C88_0, 16;
    %mov 24, 0, 16;
    %ix/load 0, 32, 0;
    %assign/v0 v011D68B0_0, 0, 8;
    %jmp T_0;
    .thread T_0, $push;
# The file index is used to find the file name in the following table.
:file_names 3;
    "N/A";
    "<interactive>";
    "SignExtend.v";
